.\lencod/Debug\./bin/lencod.exe.pdb
E:\keyan\h264_recode\.\lencod/Debug\./bin/lencod.exe.exe.intermediate.manifest
E:\KEYAN\H264_RECODE\BIN\LENCOD.EXE
E:\KEYAN\H264_RECODE\BIN\LENCOD.ILK
E:\KEYAN\H264_RECODE\LENCOD\DEBUG\ANNEXB.OBJ
E:\KEYAN\H264_RECODE\LENCOD\DEBUG\ANNEXB.SBR
E:\KEYAN\H264_RECODE\LENCOD\DEBUG\BIARIENCODE.OBJ
E:\KEYAN\H264_RECODE\LENCOD\DEBUG\BIARIENCODE.SBR
E:\KEYAN\H264_RECODE\LENCOD\DEBUG\BIN\LENCOD.EXE.EXE.EMBED.MANIFEST
E:\KEYAN\H264_RECODE\LENCOD\DEBUG\BIN\LENCOD.EXE.EXE.EMBED.MANIFEST.RES
E:\KEYAN\H264_RECODE\LENCOD\DEBUG\BIN\LENCOD.EXE.EXE.INTERMEDIATE.MANIFEST
E:\KEYAN\H264_RECODE\LENCOD\DEBUG\BIN\LENCOD.EXE.PDB
E:\KEYAN\H264_RECODE\LENCOD\DEBUG\BLOCK.OBJ
E:\KEYAN\H264_RECODE\LENCOD\DEBUG\BLOCK.SBR
E:\keyan\h264_recode\lencod\Debug\BscMake.command.1.tlog
E:\keyan\h264_recode\lencod\Debug\bscmake.read.1.tlog
E:\keyan\h264_recode\lencod\Debug\bscmake.write.1.tlog
E:\KEYAN\H264_RECODE\LENCOD\DEBUG\CABAC.OBJ
E:\KEYAN\H264_RECODE\LENCOD\DEBUG\CABAC.SBR
E:\keyan\h264_recode\lencod\Debug\cl.command.1.tlog
E:\keyan\h264_recode\lencod\Debug\CL.read.1.tlog
E:\keyan\h264_recode\lencod\Debug\CL.write.1.tlog
E:\KEYAN\H264_RECODE\LENCOD\DEBUG\CONFIGFILE.OBJ
E:\KEYAN\H264_RECODE\LENCOD\DEBUG\CONFIGFILE.SBR
E:\KEYAN\H264_RECODE\LENCOD\DEBUG\CONTEXT_INI.OBJ
E:\KEYAN\H264_RECODE\LENCOD\DEBUG\CONTEXT_INI.SBR
E:\KEYAN\H264_RECODE\LENCOD\DEBUG\DECODER.OBJ
E:\KEYAN\H264_RECODE\LENCOD\DEBUG\DECODER.SBR
E:\KEYAN\H264_RECODE\LENCOD\DEBUG\FAST_ME.OBJ
E:\KEYAN\H264_RECODE\LENCOD\DEBUG\FAST_ME.SBR
E:\KEYAN\H264_RECODE\LENCOD\DEBUG\FILEHANDLE.OBJ
E:\KEYAN\H264_RECODE\LENCOD\DEBUG\FILEHANDLE.SBR
E:\KEYAN\H264_RECODE\LENCOD\DEBUG\FMO.OBJ
E:\KEYAN\H264_RECODE\LENCOD\DEBUG\FMO.SBR
E:\KEYAN\H264_RECODE\LENCOD\DEBUG\HEADER.OBJ
E:\KEYAN\H264_RECODE\LENCOD\DEBUG\HEADER.SBR
E:\KEYAN\H264_RECODE\LENCOD\DEBUG\IMAGE.OBJ
E:\KEYAN\H264_RECODE\LENCOD\DEBUG\IMAGE.SBR
E:\KEYAN\H264_RECODE\LENCOD\DEBUG\INTRAREFRESH.OBJ
E:\KEYAN\H264_RECODE\LENCOD\DEBUG\INTRAREFRESH.SBR
E:\KEYAN\H264_RECODE\LENCOD\DEBUG\LEAKY_BUCKET.OBJ
E:\KEYAN\H264_RECODE\LENCOD\DEBUG\LEAKY_BUCKET.SBR
E:\KEYAN\H264_RECODE\LENCOD\DEBUG\LENCOD.BSC
E:\keyan\h264_recode\lencod\Debug\lencod.exe.pdb
E:\KEYAN\H264_RECODE\LENCOD\DEBUG\LENCOD.OBJ
E:\KEYAN\H264_RECODE\LENCOD\DEBUG\LENCOD.SBR
E:\keyan\h264_recode\lencod\Debug\link.8196.read.1.tlog
E:\keyan\h264_recode\lencod\Debug\link.8196.write.1.tlog
E:\keyan\h264_recode\lencod\Debug\link.8196-cvtres.read.1.tlog
E:\keyan\h264_recode\lencod\Debug\link.8196-cvtres.write.1.tlog
E:\keyan\h264_recode\lencod\Debug\link.command.1.tlog
E:\keyan\h264_recode\lencod\Debug\link.read.1.tlog
E:\keyan\h264_recode\lencod\Debug\link.write.1.tlog
E:\keyan\h264_recode\lencod\Debug\link-cvtres.read.1.tlog
E:\keyan\h264_recode\lencod\Debug\link-cvtres.write.1.tlog
E:\KEYAN\H264_RECODE\LENCOD\DEBUG\LOOPFILTER.OBJ
E:\KEYAN\H264_RECODE\LENCOD\DEBUG\LOOPFILTER.SBR
E:\KEYAN\H264_RECODE\LENCOD\DEBUG\MACROBLOCK.OBJ
E:\KEYAN\H264_RECODE\LENCOD\DEBUG\MACROBLOCK.SBR
E:\KEYAN\H264_RECODE\LENCOD\DEBUG\MB_ACCESS.OBJ
E:\KEYAN\H264_RECODE\LENCOD\DEBUG\MB_ACCESS.SBR
E:\KEYAN\H264_RECODE\LENCOD\DEBUG\MBUFFER.OBJ
E:\KEYAN\H264_RECODE\LENCOD\DEBUG\MBUFFER.SBR
E:\KEYAN\H264_RECODE\LENCOD\DEBUG\MEMALLOC.OBJ
E:\KEYAN\H264_RECODE\LENCOD\DEBUG\MEMALLOC.SBR
E:\keyan\h264_recode\lencod\Debug\mt.command.1.tlog
E:\keyan\h264_recode\lencod\Debug\mt.read.1.tlog
E:\keyan\h264_recode\lencod\Debug\mt.write.1.tlog
E:\KEYAN\H264_RECODE\LENCOD\DEBUG\MV-SEARCH.OBJ
E:\KEYAN\H264_RECODE\LENCOD\DEBUG\MV-SEARCH.SBR
E:\KEYAN\H264_RECODE\LENCOD\DEBUG\NAL.OBJ
E:\KEYAN\H264_RECODE\LENCOD\DEBUG\NAL.SBR
E:\KEYAN\H264_RECODE\LENCOD\DEBUG\NALU.OBJ
E:\KEYAN\H264_RECODE\LENCOD\DEBUG\NALU.SBR
E:\KEYAN\H264_RECODE\LENCOD\DEBUG\NALUCOMMON.OBJ
E:\KEYAN\H264_RECODE\LENCOD\DEBUG\NALUCOMMON.SBR
E:\KEYAN\H264_RECODE\LENCOD\DEBUG\OUTPUT.OBJ
E:\KEYAN\H264_RECODE\LENCOD\DEBUG\OUTPUT.SBR
E:\KEYAN\H264_RECODE\LENCOD\DEBUG\PARSET.OBJ
E:\KEYAN\H264_RECODE\LENCOD\DEBUG\PARSET.SBR
E:\KEYAN\H264_RECODE\LENCOD\DEBUG\PARSETCOMMON.OBJ
E:\KEYAN\H264_RECODE\LENCOD\DEBUG\PARSETCOMMON.SBR
E:\KEYAN\H264_RECODE\LENCOD\DEBUG\RATECTL.OBJ
E:\KEYAN\H264_RECODE\LENCOD\DEBUG\RATECTL.SBR
E:\keyan\h264_recode\lencod\Debug\rc.command.1.tlog
E:\keyan\h264_recode\lencod\Debug\rc.read.1.tlog
E:\keyan\h264_recode\lencod\Debug\rc.write.1.tlog
E:\KEYAN\H264_RECODE\LENCOD\DEBUG\RDOPT.OBJ
E:\KEYAN\H264_RECODE\LENCOD\DEBUG\RDOPT.SBR
E:\KEYAN\H264_RECODE\LENCOD\DEBUG\RDOPT_CODING_STATE.OBJ
E:\KEYAN\H264_RECODE\LENCOD\DEBUG\RDOPT_CODING_STATE.SBR
E:\KEYAN\H264_RECODE\LENCOD\DEBUG\REFBUF.OBJ
E:\KEYAN\H264_RECODE\LENCOD\DEBUG\REFBUF.SBR
E:\KEYAN\H264_RECODE\LENCOD\DEBUG\RTP.OBJ
E:\KEYAN\H264_RECODE\LENCOD\DEBUG\RTP.SBR
E:\KEYAN\H264_RECODE\LENCOD\DEBUG\SEI.OBJ
E:\KEYAN\H264_RECODE\LENCOD\DEBUG\SEI.SBR
E:\KEYAN\H264_RECODE\LENCOD\DEBUG\SLICE.OBJ
E:\KEYAN\H264_RECODE\LENCOD\DEBUG\SLICE.SBR
E:\keyan\h264_recode\lencod\Debug\vc100.idb
E:\KEYAN\H264_RECODE\LENCOD\DEBUG\VC100.PDB
E:\KEYAN\H264_RECODE\LENCOD\DEBUG\VLC.OBJ
E:\KEYAN\H264_RECODE\LENCOD\DEBUG\VLC.SBR
E:\KEYAN\H264_RECODE\LENCOD\DEBUG\WEIGHTED_PREDICTION.OBJ
E:\KEYAN\H264_RECODE\LENCOD\DEBUG\WEIGHTED_PREDICTION.SBR
