E:\0H264\H264_RECODE\LDECOD\DEBUG\
E:\0H264\H264_RECODE\LDECOD\DEBUG\ANNEXB.OBJ
E:\0H264\H264_RECODE\LDECOD\DEBUG\ANNEXB.SBR
E:\0H264\H264_RECODE\LDECOD\DEBUG\BIARIDECOD.OBJ
E:\0H264\H264_RECODE\LDECOD\DEBUG\BIARIDECOD.SBR
E:\0H264\H264_RECODE\LDECOD\DEBUG\BLOCK.OBJ
E:\0H264\H264_RECODE\LDECOD\DEBUG\BLOCK.SBR
E:\0H264\H264_RECODE\LDECOD\DEBUG\CABAC.OBJ
E:\0H264\H264_RECODE\LDECOD\DEBUG\CABAC.SBR
E:\0H264\h264_recode\ldecod\Debug\cl.command.1.tlog
E:\0H264\h264_recode\ldecod\Debug\CL.read.1.tlog
E:\0H264\h264_recode\ldecod\Debug\CL.write.1.tlog
E:\0H264\H264_RECODE\LDECOD\DEBUG\CONTEXT_INI.OBJ
E:\0H264\H264_RECODE\LDECOD\DEBUG\CONTEXT_INI.SBR
E:\0H264\H264_RECODE\LDECOD\DEBUG\ERC_API.OBJ
E:\0H264\H264_RECODE\LDECOD\DEBUG\ERC_API.SBR
E:\0H264\H264_RECODE\LDECOD\DEBUG\ERC_DO_I.OBJ
E:\0H264\H264_RECODE\LDECOD\DEBUG\ERC_DO_I.SBR
E:\0H264\H264_RECODE\LDECOD\DEBUG\ERC_DO_P.OBJ
E:\0H264\H264_RECODE\LDECOD\DEBUG\ERC_DO_P.SBR
E:\0H264\H264_RECODE\LDECOD\DEBUG\ERRORCONCEALMENT.OBJ
E:\0H264\H264_RECODE\LDECOD\DEBUG\ERRORCONCEALMENT.SBR
E:\0H264\H264_RECODE\LDECOD\DEBUG\FILEHANDLE.OBJ
E:\0H264\H264_RECODE\LDECOD\DEBUG\FILEHANDLE.SBR
E:\0H264\H264_RECODE\LDECOD\DEBUG\FMO.OBJ
E:\0H264\H264_RECODE\LDECOD\DEBUG\FMO.SBR
E:\0H264\H264_RECODE\LDECOD\DEBUG\HEADER.OBJ
E:\0H264\H264_RECODE\LDECOD\DEBUG\HEADER.SBR
E:\0H264\H264_RECODE\LDECOD\DEBUG\IMAGE.OBJ
E:\0H264\H264_RECODE\LDECOD\DEBUG\IMAGE.SBR
E:\0H264\H264_RECODE\LDECOD\DEBUG\LDECOD.SBR
E:\0H264\h264_recode\ldecod\Debug\ldecod.write.1.tlog
E:\0H264\H264_RECODE\LDECOD\DEBUG\LEAKY_BUCKET.OBJ
E:\0H264\H264_RECODE\LDECOD\DEBUG\LEAKY_BUCKET.SBR
E:\0H264\H264_RECODE\LDECOD\DEBUG\LOOPFILTER.OBJ
E:\0H264\H264_RECODE\LDECOD\DEBUG\LOOPFILTER.SBR
E:\0H264\H264_RECODE\LDECOD\DEBUG\MACROBLOCK.OBJ
E:\0H264\H264_RECODE\LDECOD\DEBUG\MACROBLOCK.SBR
E:\0H264\H264_RECODE\LDECOD\DEBUG\MB_ACCESS.OBJ
E:\0H264\H264_RECODE\LDECOD\DEBUG\MB_ACCESS.SBR
E:\0H264\H264_RECODE\LDECOD\DEBUG\MBUFFER.OBJ
E:\0H264\H264_RECODE\LDECOD\DEBUG\MBUFFER.SBR
E:\0H264\H264_RECODE\LDECOD\DEBUG\MEMALLOC.OBJ
E:\0H264\H264_RECODE\LDECOD\DEBUG\MEMALLOC.SBR
E:\0H264\H264_RECODE\LDECOD\DEBUG\NAL.OBJ
E:\0H264\H264_RECODE\LDECOD\DEBUG\NAL.SBR
E:\0H264\H264_RECODE\LDECOD\DEBUG\NAL_PART.OBJ
E:\0H264\H264_RECODE\LDECOD\DEBUG\NAL_PART.SBR
E:\0H264\H264_RECODE\LDECOD\DEBUG\NALU.OBJ
E:\0H264\H264_RECODE\LDECOD\DEBUG\NALU.SBR
E:\0H264\H264_RECODE\LDECOD\DEBUG\NALUCOMMON.OBJ
E:\0H264\H264_RECODE\LDECOD\DEBUG\NALUCOMMON.SBR
E:\0H264\H264_RECODE\LDECOD\DEBUG\OUTPUT.OBJ
E:\0H264\H264_RECODE\LDECOD\DEBUG\OUTPUT.SBR
E:\0H264\H264_RECODE\LDECOD\DEBUG\PARSET.OBJ
E:\0H264\H264_RECODE\LDECOD\DEBUG\PARSET.SBR
E:\0H264\H264_RECODE\LDECOD\DEBUG\PARSETCOMMON.OBJ
E:\0H264\H264_RECODE\LDECOD\DEBUG\PARSETCOMMON.SBR
E:\0H264\H264_RECODE\LDECOD\DEBUG\RTP.OBJ
E:\0H264\H264_RECODE\LDECOD\DEBUG\RTP.SBR
E:\0H264\H264_RECODE\LDECOD\DEBUG\SEI.OBJ
E:\0H264\H264_RECODE\LDECOD\DEBUG\SEI.SBR
E:\0H264\h264_recode\ldecod\Debug\vc100.pdb
E:\0H264\H264_RECODE\LDECOD\DEBUG\VLC.OBJ
E:\0H264\H264_RECODE\LDECOD\DEBUG\VLC.SBR
