E:\资料\BCH\前期资料\程序\JM86\JM\BIN\LDECOD.BSC
E:\资料\BCH\前期资料\程序\JM86\JM\BIN\LDECOD.EXE
E:\资料\BCH\前期资料\程序\JM86\JM\BIN\LDECOD.ILK
E:\资料\BCH\前期资料\程序\JM86\JM\LDECOD\DEBUG\ANNEXB.OBJ
E:\资料\BCH\前期资料\程序\JM86\JM\LDECOD\DEBUG\ANNEXB.SBR
E:\资料\BCH\前期资料\程序\JM86\JM\LDECOD\DEBUG\BIARIDECOD.OBJ
E:\资料\BCH\前期资料\程序\JM86\JM\LDECOD\DEBUG\BIARIDECOD.SBR
E:\资料\BCH\前期资料\程序\JM86\JM\LDECOD\DEBUG\BLOCK.OBJ
E:\资料\BCH\前期资料\程序\JM86\JM\LDECOD\DEBUG\BLOCK.SBR
E:\资料\BCH\前期资料\程序\jm86\JM\ldecod\Debug\BscMake.command.1.tlog
E:\资料\BCH\前期资料\程序\jm86\JM\ldecod\Debug\bscmake.read.1.tlog
E:\资料\BCH\前期资料\程序\jm86\JM\ldecod\Debug\bscmake.write.1.tlog
E:\资料\BCH\前期资料\程序\JM86\JM\LDECOD\DEBUG\CABAC.OBJ
E:\资料\BCH\前期资料\程序\JM86\JM\LDECOD\DEBUG\CABAC.SBR
E:\资料\BCH\前期资料\程序\jm86\JM\ldecod\Debug\cl.command.1.tlog
E:\资料\BCH\前期资料\程序\jm86\JM\ldecod\Debug\CL.read.1.tlog
E:\资料\BCH\前期资料\程序\jm86\JM\ldecod\Debug\CL.write.1.tlog
E:\资料\BCH\前期资料\程序\JM86\JM\LDECOD\DEBUG\CONTEXT_INI.OBJ
E:\资料\BCH\前期资料\程序\JM86\JM\LDECOD\DEBUG\CONTEXT_INI.SBR
E:\资料\BCH\前期资料\程序\JM86\JM\LDECOD\DEBUG\ERC_API.OBJ
E:\资料\BCH\前期资料\程序\JM86\JM\LDECOD\DEBUG\ERC_API.SBR
E:\资料\BCH\前期资料\程序\JM86\JM\LDECOD\DEBUG\ERC_DO_I.OBJ
E:\资料\BCH\前期资料\程序\JM86\JM\LDECOD\DEBUG\ERC_DO_I.SBR
E:\资料\BCH\前期资料\程序\JM86\JM\LDECOD\DEBUG\ERC_DO_P.OBJ
E:\资料\BCH\前期资料\程序\JM86\JM\LDECOD\DEBUG\ERC_DO_P.SBR
E:\资料\BCH\前期资料\程序\JM86\JM\LDECOD\DEBUG\ERRORCONCEALMENT.OBJ
E:\资料\BCH\前期资料\程序\JM86\JM\LDECOD\DEBUG\ERRORCONCEALMENT.SBR
E:\资料\BCH\前期资料\程序\JM86\JM\LDECOD\DEBUG\FILEHANDLE.OBJ
E:\资料\BCH\前期资料\程序\JM86\JM\LDECOD\DEBUG\FILEHANDLE.SBR
E:\资料\BCH\前期资料\程序\JM86\JM\LDECOD\DEBUG\FMO.OBJ
E:\资料\BCH\前期资料\程序\JM86\JM\LDECOD\DEBUG\FMO.SBR
E:\资料\BCH\前期资料\程序\JM86\JM\LDECOD\DEBUG\HEADER.OBJ
E:\资料\BCH\前期资料\程序\JM86\JM\LDECOD\DEBUG\HEADER.SBR
E:\资料\BCH\前期资料\程序\JM86\JM\LDECOD\DEBUG\IMAGE.OBJ
E:\资料\BCH\前期资料\程序\JM86\JM\LDECOD\DEBUG\IMAGE.SBR
E:\资料\BCH\前期资料\程序\JM86\JM\LDECOD\DEBUG\LDECOD.EXE.EMBED.MANIFEST
E:\资料\BCH\前期资料\程序\JM86\JM\LDECOD\DEBUG\LDECOD.EXE.EMBED.MANIFEST.RES
E:\资料\BCH\前期资料\程序\JM86\JM\LDECOD\DEBUG\LDECOD.EXE.INTERMEDIATE.MANIFEST
E:\资料\BCH\前期资料\程序\JM86\JM\LDECOD\DEBUG\LDECOD.OBJ
E:\资料\BCH\前期资料\程序\JM86\JM\LDECOD\DEBUG\LDECOD.PDB
E:\资料\BCH\前期资料\程序\JM86\JM\LDECOD\DEBUG\LDECOD.SBR
E:\资料\BCH\前期资料\程序\jm86\JM\ldecod\Debug\ldecod_manifest.rc
E:\资料\BCH\前期资料\程序\JM86\JM\LDECOD\DEBUG\LEAKY_BUCKET.OBJ
E:\资料\BCH\前期资料\程序\JM86\JM\LDECOD\DEBUG\LEAKY_BUCKET.SBR
E:\资料\BCH\前期资料\程序\jm86\JM\ldecod\Debug\link.command.1.tlog
E:\资料\BCH\前期资料\程序\jm86\JM\ldecod\Debug\link.read.1.tlog
E:\资料\BCH\前期资料\程序\jm86\JM\ldecod\Debug\link.write.1.tlog
E:\资料\BCH\前期资料\程序\jm86\JM\ldecod\Debug\link-cvtres.read.1.tlog
E:\资料\BCH\前期资料\程序\jm86\JM\ldecod\Debug\link-cvtres.write.1.tlog
E:\资料\BCH\前期资料\程序\JM86\JM\LDECOD\DEBUG\LOOPFILTER.OBJ
E:\资料\BCH\前期资料\程序\JM86\JM\LDECOD\DEBUG\LOOPFILTER.SBR
E:\资料\BCH\前期资料\程序\JM86\JM\LDECOD\DEBUG\MACROBLOCK.OBJ
E:\资料\BCH\前期资料\程序\JM86\JM\LDECOD\DEBUG\MACROBLOCK.SBR
E:\资料\BCH\前期资料\程序\JM86\JM\LDECOD\DEBUG\MB_ACCESS.OBJ
E:\资料\BCH\前期资料\程序\JM86\JM\LDECOD\DEBUG\MB_ACCESS.SBR
E:\资料\BCH\前期资料\程序\JM86\JM\LDECOD\DEBUG\MBUFFER.OBJ
E:\资料\BCH\前期资料\程序\JM86\JM\LDECOD\DEBUG\MBUFFER.SBR
E:\资料\BCH\前期资料\程序\JM86\JM\LDECOD\DEBUG\MEMALLOC.OBJ
E:\资料\BCH\前期资料\程序\JM86\JM\LDECOD\DEBUG\MEMALLOC.SBR
E:\资料\BCH\前期资料\程序\jm86\JM\ldecod\Debug\mt.command.1.tlog
E:\资料\BCH\前期资料\程序\jm86\JM\ldecod\Debug\mt.read.1.tlog
E:\资料\BCH\前期资料\程序\jm86\JM\ldecod\Debug\mt.write.1.tlog
E:\资料\BCH\前期资料\程序\JM86\JM\LDECOD\DEBUG\NAL.OBJ
E:\资料\BCH\前期资料\程序\JM86\JM\LDECOD\DEBUG\NAL.SBR
E:\资料\BCH\前期资料\程序\JM86\JM\LDECOD\DEBUG\NAL_PART.OBJ
E:\资料\BCH\前期资料\程序\JM86\JM\LDECOD\DEBUG\NAL_PART.SBR
E:\资料\BCH\前期资料\程序\JM86\JM\LDECOD\DEBUG\NALU.OBJ
E:\资料\BCH\前期资料\程序\JM86\JM\LDECOD\DEBUG\NALU.SBR
E:\资料\BCH\前期资料\程序\JM86\JM\LDECOD\DEBUG\NALUCOMMON.OBJ
E:\资料\BCH\前期资料\程序\JM86\JM\LDECOD\DEBUG\NALUCOMMON.SBR
E:\资料\BCH\前期资料\程序\JM86\JM\LDECOD\DEBUG\OUTPUT.OBJ
E:\资料\BCH\前期资料\程序\JM86\JM\LDECOD\DEBUG\OUTPUT.SBR
E:\资料\BCH\前期资料\程序\JM86\JM\LDECOD\DEBUG\PARSET.OBJ
E:\资料\BCH\前期资料\程序\JM86\JM\LDECOD\DEBUG\PARSET.SBR
E:\资料\BCH\前期资料\程序\JM86\JM\LDECOD\DEBUG\PARSETCOMMON.OBJ
E:\资料\BCH\前期资料\程序\JM86\JM\LDECOD\DEBUG\PARSETCOMMON.SBR
E:\资料\BCH\前期资料\程序\jm86\JM\ldecod\Debug\rc.command.1.tlog
E:\资料\BCH\前期资料\程序\jm86\JM\ldecod\Debug\rc.read.1.tlog
E:\资料\BCH\前期资料\程序\jm86\JM\ldecod\Debug\rc.write.1.tlog
E:\资料\BCH\前期资料\程序\JM86\JM\LDECOD\DEBUG\RTP.OBJ
E:\资料\BCH\前期资料\程序\JM86\JM\LDECOD\DEBUG\RTP.SBR
E:\资料\BCH\前期资料\程序\JM86\JM\LDECOD\DEBUG\SEI.OBJ
E:\资料\BCH\前期资料\程序\JM86\JM\LDECOD\DEBUG\SEI.SBR
E:\资料\BCH\前期资料\程序\JM86\JM\LDECOD\DEBUG\VC100.PDB
E:\资料\BCH\前期资料\程序\JM86\JM\LDECOD\DEBUG\VLC.OBJ
E:\资料\BCH\前期资料\程序\JM86\JM\LDECOD\DEBUG\VLC.SBR
